#
# There is insufficient memory for the Java Runtime Environment to continue.
# Native memory allocation (mmap) failed to map 257949696 bytes for G1 virtual space
# Possible reasons:
#   The system is out of physical RAM or swap space
#   The process is running with CompressedOops enabled, and the Java Heap may be blocking the growth of the native heap
# Possible solutions:
#   Reduce memory load on the system
#   Increase physical memory or swap space
#   Check if swap backing store is full
#   Decrease Java heap size (-Xmx/-Xms)
#   Decrease number of Java threads
#   Decrease Java thread stack sizes (-Xss)
#   Set larger code cache with -XX:ReservedCodeCacheSize=
#   JVM is running with Zero Based Compressed Oops mode in which the Java heap is
#     placed in the first 32GB address space. The Java Heap base address is the
#     maximum limit for the native heap growth. Please use -XX:HeapBaseMinAddress
#     to set the Java Heap base and to place the Java Heap above 32GB virtual address.
# This output file may be truncated or incomplete.
#
#  Out of Memory Error (os_windows.cpp:3769), pid=19860, tid=21460
#
# JRE version:  (17.0.6) (build )
# Java VM: OpenJDK 64-Bit Server VM (17.0.6+0-b2043.56-9586694, mixed mode, sharing, tiered, compressed oops, compressed class ptrs, g1 gc, windows-amd64)
# No core dump will be written. Minidumps are not enabled by default on client versions of Windows
#

---------------  S U M M A R Y ------------

Command Line: org.jetbrains.kotlin.cli.jvm.K2JVMCompiler @C:\Users\reino\OneDrive\Escritorio\ITB\Proyecte2\HospitalMar\app\build\20240402_5536547909902840522.compiler.options

Host: AMD Ryzen 7 5800H with Radeon Graphics         , 16 cores, 15G,  Windows 10 , 64 bit Build 19041 (10.0.19041.3636)
Time: Tue Apr  2 15:34:49 2024 Hora de verano romance elapsed time: 0.007905 seconds (0d 0h 0m 0s)

---------------  T H R E A D  ---------------

Current thread (0x000001ca71cda760):  JavaThread "Unknown thread" [_thread_in_vm, id=21460, stack(0x000000ae13800000,0x000000ae13900000)]

Stack: [0x000000ae13800000,0x000000ae13900000]
Native frames: (J=compiled Java code, j=interpreted, Vv=VM code, C=native code)
V  [jvm.dll+0x683b4a]
V  [jvm.dll+0x842654]
V  [jvm.dll+0x843dfe]
V  [jvm.dll+0x844463]
V  [jvm.dll+0x249b75]
V  [jvm.dll+0x680a19]
V  [jvm.dll+0x674f0a]
V  [jvm.dll+0x309acb]
V  [jvm.dll+0x310f86]
V  [jvm.dll+0x3608ee]
V  [jvm.dll+0x360b1f]
V  [jvm.dll+0x2dfbf8]
V  [jvm.dll+0x2e0b64]
V  [jvm.dll+0x813f41]
V  [jvm.dll+0x36e6a1]
V  [jvm.dll+0x7f347c]
V  [jvm.dll+0x3f0e8f]
V  [jvm.dll+0x3f29d1]
C  [jli.dll+0x526b]
C  [ucrtbase.dll+0x21bb2]
C  [KERNEL32.DLL+0x17344]
C  [ntdll.dll+0x526b1]


---------------  P R O C E S S  ---------------

Threads class SMR info:
_java_thread_list=0x00007ffdb3f4c058, length=0, elements={
}

Java Threads: ( => current thread )

Other Threads:
  0x000001ca73ded840 GCTaskThread "GC Thread#0" [stack: 0x000000ae13900000,0x000000ae13a00000] [id=20988]
  0x000001ca73dfdd10 ConcurrentGCThread "G1 Main Marker" [stack: 0x000000ae13a00000,0x000000ae13b00000] [id=21052]
  0x000001ca73dfeec0 ConcurrentGCThread "G1 Conc#0" [stack: 0x000000ae13b00000,0x000000ae13c00000] [id=21048]

[error occurred during error reporting (printing all threads), id 0xc0000005, EXCEPTION_ACCESS_VIOLATION (0xc0000005) at pc=0x00007ffdb3700797]

VM state: not at safepoint (not fully initialized)

VM Mutex/Monitor currently owned by a thread:  ([mutex/lock_event])
[0x000001ca73d83fc0] Heap_lock - owner thread: 0x000001ca71cda760

Heap address: 0x000000070a600000, size: 3930 MB, Compressed Oops mode: Zero based, Oop shift amount: 3

CDS archive(s) mapped at: [0x0000000000000000-0x0000000000000000-0x0000000000000000), size 0, SharedBaseAddress: 0x0000000800000000, ArchiveRelocationMode: 0.
Narrow klass base: 0x0000000000000000, Narrow klass shift: 0, Narrow klass range: 0x0

GC Precious Log:
<Empty>

Heap:
 garbage-first heap   total 0K, used 0K [0x000000070a600000, 0x0000000800000000)
  region size 2048K, 0 young (0K), 0 survivors (0K)

[error occurred during error reporting (printing heap information), id 0xc0000005, EXCEPTION_ACCESS_VIOLATION (0xc0000005) at pc=0x00007ffdb3aed939]

GC Heap History (0 events):
No events

Dll operation events (1 events):
Event: 0.005 Loaded shared library C:\Program Files\Android\Android Studio\jbr\bin\java.dll

Deoptimization events (0 events):
No events

Classes unloaded (0 events):
No events

Classes redefined (0 events):
No events

Internal exceptions (0 events):
No events

VM Operations (0 events):
No events

Events (0 events):
No events


Dynamic libraries:
0x00007ff782dc0000 - 0x00007ff782dca000 	C:\Program Files\Android\Android Studio\jbr\bin\java.exe
0x00007ffdee7f0000 - 0x00007ffdee9e8000 	C:\WINDOWS\SYSTEM32\ntdll.dll
0x00007ffdee6f0000 - 0x00007ffdee7ad000 	C:\WINDOWS\System32\KERNEL32.DLL
0x00007ffdebf20000 - 0x00007ffdec216000 	C:\WINDOWS\System32\KERNELBASE.dll
0x00007ffdec220000 - 0x00007ffdec320000 	C:\WINDOWS\System32\ucrtbase.dll
0x00007ffde0ad0000 - 0x00007ffde0aeb000 	C:\Program Files\Android\Android Studio\jbr\bin\VCRUNTIME140.dll
0x00007ffdd6460000 - 0x00007ffdd6477000 	C:\Program Files\Android\Android Studio\jbr\bin\jli.dll
0x00007ffdecc20000 - 0x00007ffdecdbe000 	C:\WINDOWS\System32\USER32.dll
0x00007ffddb8c0000 - 0x00007ffddbb5a000 	C:\WINDOWS\WinSxS\amd64_microsoft.windows.common-controls_6595b64144ccf1df_6.0.19041.3636_none_60b6a03d71f818d5\COMCTL32.dll
0x00007ffdebef0000 - 0x00007ffdebf12000 	C:\WINDOWS\System32\win32u.dll
0x00007ffded2e0000 - 0x00007ffded37e000 	C:\WINDOWS\System32\msvcrt.dll
0x00007ffdec820000 - 0x00007ffdec84b000 	C:\WINDOWS\System32\GDI32.dll
0x00007ffdec320000 - 0x00007ffdec437000 	C:\WINDOWS\System32\gdi32full.dll
0x00007ffdec4b0000 - 0x00007ffdec54d000 	C:\WINDOWS\System32\msvcp_win.dll
0x00007ffdec850000 - 0x00007ffdec882000 	C:\WINDOWS\System32\IMM32.DLL
0x00007ffde0bb0000 - 0x00007ffde0bbc000 	C:\Program Files\Android\Android Studio\jbr\bin\vcruntime140_1.dll
0x00007ffdbc150000 - 0x00007ffdbc1dd000 	C:\Program Files\Android\Android Studio\jbr\bin\msvcp140.dll
0x00007ffdb3410000 - 0x00007ffdb407d000 	C:\Program Files\Android\Android Studio\jbr\bin\server\jvm.dll
0x00007ffdecb70000 - 0x00007ffdecc20000 	C:\WINDOWS\System32\ADVAPI32.dll
0x00007ffdec9c0000 - 0x00007ffdeca60000 	C:\WINDOWS\System32\sechost.dll
0x00007ffded750000 - 0x00007ffded875000 	C:\WINDOWS\System32\RPCRT4.dll
0x00007ffdec7f0000 - 0x00007ffdec817000 	C:\WINDOWS\System32\bcrypt.dll
0x00007ffde18a0000 - 0x00007ffde18c7000 	C:\WINDOWS\SYSTEM32\WINMM.dll
0x00007ffde7760000 - 0x00007ffde7769000 	C:\WINDOWS\SYSTEM32\WSOCK32.dll
0x00007ffde36a0000 - 0x00007ffde36aa000 	C:\WINDOWS\SYSTEM32\VERSION.dll
0x00007ffded8e0000 - 0x00007ffded94b000 	C:\WINDOWS\System32\WS2_32.dll
0x00007ffdea6d0000 - 0x00007ffdea6e2000 	C:\WINDOWS\SYSTEM32\kernel.appcore.dll
0x00007ffde9270000 - 0x00007ffde927a000 	C:\Program Files\Android\Android Studio\jbr\bin\jimage.dll
0x00007ffde9d20000 - 0x00007ffde9f04000 	C:\WINDOWS\SYSTEM32\DBGHELP.DLL
0x00007ffdd40c0000 - 0x00007ffdd40f4000 	C:\WINDOWS\SYSTEM32\dbgcore.DLL
0x00007ffdec6b0000 - 0x00007ffdec732000 	C:\WINDOWS\System32\bcryptPrimitives.dll
0x00007ffdd6560000 - 0x00007ffdd6585000 	C:\Program Files\Android\Android Studio\jbr\bin\java.dll

dbghelp: loaded successfully - version: 4.0.5 - missing functions: none
symbol engine: initialized successfully - sym options: 0x614 - pdb path: .;C:\Program Files\Android\Android Studio\jbr\bin;C:\WINDOWS\SYSTEM32;C:\WINDOWS\WinSxS\amd64_microsoft.windows.common-controls_6595b64144ccf1df_6.0.19041.3636_none_60b6a03d71f818d5;C:\Program Files\Android\Android Studio\jbr\bin\server

VM Arguments:
java_command: org.jetbrains.kotlin.cli.jvm.K2JVMCompiler @C:\Users\reino\OneDrive\Escritorio\ITB\Proyecte2\HospitalMar\app\build\20240402_5536547909902840522.compiler.options
java_class_path (initial): C:\Users\reino\.gradle\caches\modules-2\files-2.1\org.jetbrains.kotlin\kotlin-compiler-embeddable\1.7.20\8db18559a581dd2c36ddfd5046af145650f5b126\kotlin-compiler-embeddable-1.7.20.jar;C:\Users\reino\.gradle\caches\modules-2\files-2.1\org.jetbrains.kotlin\kotlin-reflect\1.7.20\12b2501e33bb6373e8e347c86d85481863629381\kotlin-reflect-1.7.20.jar;C:\Users\reino\.gradle\caches\modules-2\files-2.1\org.jetbrains.kotlin\kotlin-stdlib\1.7.20\726594ea9ba2beb2ee113647fefa9a10f9fabe52\kotlin-stdlib-1.7.20.jar;C:\Users\reino\.gradle\caches\modules-2\files-2.1\org.jetbrains.kotlin\kotlin-script-runtime\1.7.20\bcd1cc6f865e632550357fcc59f5ffd532615a8\kotlin-script-runtime-1.7.20.jar;C:\Users\reino\.gradle\caches\modules-2\files-2.1\org.jetbrains.kotlin\kotlin-daemon-embeddable\1.7.20\1e24355adad8d529d75d5b19eab55484057431ba\kotlin-daemon-embeddable-1.7.20.jar;C:\Users\reino\.gradle\caches\modules-2\files-2.1\org.jetbrains.intellij.deps\trove4j\1.0.20200330\3afb14d5f9ceb459d724e907a21145e8ff394f02\trove4j-1.0.20200330.jar;C:\Users\reino\.gradle\caches\modules-2\files-2.1\net.java.dev.jna\jna\5.6.0\330f2244e9030119ab3030fc3fededc86713d9cc\jna-5.6.0.jar;C:\Users\reino\.gradle\caches\modules-2\files-2.1\org.jetbrains.kotlin\kotlin-stdlib-common\1.7.20\e15351bdaf9fa06f009be5da7a202e4184f00ae3\kotlin-stdlib-common-1.7.20.jar;C:\Users\reino\.gradle\caches\modules-2\files-2.1\org.jetbrains\annotations\13.0\919f0dfe192fb4e063e7dacadee7f8bb9a2672a9\annotations-13.0.jar
Launcher Type: SUN_STANDARD

[Global flags]
     intx CICompilerCount                          = 12                                        {product} {ergonomic}
     uint ConcGCThreads                            = 3                                         {product} {ergonomic}
     uint G1ConcRefinementThreads                  = 13                                        {product} {ergonomic}
   size_t G1HeapRegionSize                         = 2097152                                   {product} {ergonomic}
    uintx GCDrainStackTargetSize                   = 64                                        {product} {ergonomic}
   size_t InitialHeapSize                          = 257949696                                 {product} {ergonomic}
   size_t MarkStackSize                            = 4194304                                   {product} {ergonomic}
   size_t MaxHeapSize                              = 4120903680                                {product} {ergonomic}
   size_t MinHeapDeltaBytes                        = 2097152                                   {product} {ergonomic}
   size_t MinHeapSize                              = 8388608                                   {product} {ergonomic}
    uintx NonNMethodCodeHeapSize                   = 7602480                                {pd product} {ergonomic}
    uintx NonProfiledCodeHeapSize                  = 122027880                              {pd product} {ergonomic}
    uintx ProfiledCodeHeapSize                     = 122027880                              {pd product} {ergonomic}
    uintx ReservedCodeCacheSize                    = 251658240                              {pd product} {ergonomic}
     bool SegmentedCodeCache                       = true                                      {product} {ergonomic}
   size_t SoftMaxHeapSize                          = 4120903680                             {manageable} {ergonomic}
     bool UseCompressedClassPointers               = true                           {product lp64_product} {ergonomic}
     bool UseCompressedOops                        = true                           {product lp64_product} {ergonomic}
     bool UseG1GC                                  = true                                      {product} {ergonomic}
     bool UseLargePagesIndividualAllocation        = false                                  {pd product} {ergonomic}

Logging:
Log output configuration:
 #0: stdout all=warning uptime,level,tags
 #1: stderr all=off uptime,level,tags

Environment Variables:
PATH=C:\Program Files (x86)\Common Files\Oracle\Java\javapath;C:\Program Files (x86)\VMware\VMware Player\bin\;C:\WINDOWS\system32;C:\WINDOWS;C:\WINDOWS\System32\Wbem;C:\WINDOWS\System32\WindowsPowerShell\v1.0\;C:\WINDOWS\System32\OpenSSH\;C:\Program Files\Git\cmd;C:\Program Files\PuTTY\;C:\Users\reino\AppData\Local\Programs\Python\Python311\Scripts\;C:\Users\reino\AppData\Local\Programs\Python\Python311\;C:\Users\reino\AppData\Local\Microsoft\WindowsApps;C:\Users\reino\AppData\Local\Programs\Microsoft VS Code\bin;C:\Program Files\JetBrains\IntelliJ IDEA 2023.2.2\bin;;C:\Users\reino\OneDrive\Documentos\compiler\kotlinc\bin;;C:\Program Files\JetBrains\PyCharm 2023.2.3\bin;
USERNAME=reino
OS=Windows_NT
PROCESSOR_IDENTIFIER=AMD64 Family 25 Model 80 Stepping 0, AuthenticAMD
TMP=C:\Users\reino\AppData\Local\Temp
TEMP=C:\Users\reino\AppData\Local\Temp



---------------  S Y S T E M  ---------------

OS:
 Windows 10 , 64 bit Build 19041 (10.0.19041.3636)
OS uptime: 0 days 7:46 hours

CPU: total 16 (initial active 16) (16 cores per cpu, 2 threads per core) family 25 model 80 stepping 0 microcode 0x0, cx8, cmov, fxsr, ht, mmx, 3dnowpref, sse, sse2, sse3, ssse3, sse4a, sse4.1, sse4.2, popcnt, lzcnt, tsc, tscinvbit, avx, avx2, aes, erms, clmul, bmi1, bmi2, adx, sha, fma, vzeroupper, clflush, clflushopt

Memory: 4k page, system-wide physical 15714M (494M free)
TotalPageFile size 26978M (AvailPageFile size 104M)
current process WorkingSet (physical memory assigned to process): 11M, peak: 11M
current process commit charge ("private bytes"): 70M, peak: 316M

vm_info: OpenJDK 64-Bit Server VM (17.0.6+0-b2043.56-9586694) for windows-amd64 JRE (17.0.6+0-b2043.56-9586694), built on Feb  9 2023 20:06:20 by "androidbuild" with MS VC++ 16.10 / 16.11 (VS2019)

END.
